<?xml version="1.0" encoding="UTF-8"?>
<!-- Generated by org.testng.reporters.JUnitReportReporter -->
<testsuite hostname="BSRPN" failures="0" tests="4" name="TestCases.CartTest" time="16.241" errors="0" timestamp="2025-09-08T19:05:49 IST" skipped="0">
  <testcase classname="TestCases.CartTest" name="userCanSearchAndOpenProduct" time="2.374"/>
  <testcase classname="TestCases.CartTest" name="userCanAddProductToCart" time="1.997"/>
  <testcase classname="TestCases.CartTest" name="userCanUpdateProductQuantity" time="11.262"/>
  <testcase classname="TestCases.CartTest" name="userCanRemoveProductFromCart" time="0.608"/>
</testsuite> <!-- TestCases.CartTest -->
