<?xml version="1.0" encoding="UTF-8"?>
<!-- Generated by org.testng.reporters.JUnitReportReporter -->
<testsuite hostname="BSRPN" failures="0" tests="3" name="TestCases.RegisterDataProvider" time="56.715" errors="0" timestamp="2025-09-08T19:05:49 IST" skipped="0">
  <testcase classname="TestCases.RegisterDataProvider" name="ValidRegistration" time="23.742"/>
  <testcase classname="TestCases.RegisterDataProvider" name="RegisteredUserCanLogout" time="20.163"/>
  <testcase classname="TestCases.RegisterDataProvider" name="RegisteredUserCanLogin" time="12.810"/>
</testsuite> <!-- TestCases.RegisterDataProvider -->
