<?xml version="1.0" encoding="UTF-8"?>
<!-- Generated by org.testng.reporters.JUnitReportReporter -->
<testsuite hostname="BSRPN" failures="0" tests="2" name="TestCases.SearchByAutoSuggest" time="8.271" errors="0" timestamp="2025-09-08T19:05:49 IST" skipped="0">
  <testcase classname="TestCases.SearchByAutoSuggest" name="searchWithAutoSuggest" time="4.185"/>
  <testcase classname="TestCases.SearchByAutoSuggest" name="userCanSearchWithAutoSuggest" time="4.086"/>
</testsuite> <!-- TestCases.SearchByAutoSuggest -->
