<?xml version="1.0" encoding="UTF-8"?>
<!-- Generated by org.testng.reporters.JUnitReportReporter -->
<testsuite hostname="BSRPN" failures="0" tests="3" name="TestCases.wishListTest" time="3.398" errors="0" timestamp="2025-09-08T19:05:49 IST" skipped="0">
  <testcase classname="TestCases.wishListTest" name="searchAboutProduct" time="2.024"/>
  <testcase classname="TestCases.wishListTest" name="userCanAddProductToWishList" time="0.687"/>
  <testcase classname="TestCases.wishListTest" name="userCanRemoveProductFromWishList" time="0.687"/>
</testsuite> <!-- TestCases.wishListTest -->
