<?xml version="1.0" encoding="UTF-8"?>
<!-- Generated by org.testng.reporters.JUnitReportReporter -->
<testsuite hostname="BSRPN" failures="0" tests="3" name="TestCases.TC_02_RegisterDataProvider" time="33.369" errors="0" timestamp="2025-09-07T15:55:49 IST" skipped="0">
  <testcase classname="TestCases.TC_02_RegisterDataProvider" name="ValidRegistration" time="21.680"/>
  <testcase classname="TestCases.TC_02_RegisterDataProvider" name="RegisterUserLogout" time="10.040"/>
  <testcase classname="TestCases.TC_02_RegisterDataProvider" name="RegisterUserCanlogin" time="1.649"/>
</testsuite> <!-- TestCases.TC_02_RegisterDataProvider -->
