<?xml version="1.0" encoding="UTF-8"?>
<!-- Generated by org.testng.reporters.JUnitReportReporter -->
<testsuite hostname="BSRPN" failures="0" tests="10" name="TestCases.SmokeTestAll" time="5.678" errors="0" timestamp="2025-09-08T19:05:49 IST" skipped="0">
  <testcase classname="TestCases.SmokeTestAll" name="validateHomePageLoaded" time="0.383"/>
  <testcase classname="TestCases.SmokeTestAll" name="validateHomePageTitle" time="0.058"/>
  <testcase classname="TestCases.SmokeTestAll" name="validateHomePageURL" time="0.011"/>
  <testcase classname="TestCases.SmokeTestAll" name="validateLogoDisplayed" time="0.044"/>
  <testcase classname="TestCases.SmokeTestAll" name="validateRegisterButtonClickable" time="1.098"/>
  <testcase classname="TestCases.SmokeTestAll" name="validateLoginButtonClickable" time="1.041"/>
  <testcase classname="TestCases.SmokeTestAll" name="validateScrollToContactUs" time="0.142"/>
  <testcase classname="TestCases.SmokeTestAll" name="validateTopMenuHover" time="1.768"/>
  <testcase classname="TestCases.SmokeTestAll" name="validateCurrencyDropdown" time="1.033"/>
  <testcase classname="TestCases.SmokeTestAll" name="validateCartIconClickable" time="0.100"/>
</testsuite> <!-- TestCases.SmokeTestAll -->
