<?xml version="1.0" encoding="UTF-8"?>
<!-- Generated by org.testng.reporters.JUnitReportReporter -->
<testsuite hostname="BSRPN" failures="0" tests="7" name="TestCases.MyAccountTests" time="20.869" errors="0" timestamp="2025-09-08T19:05:49 IST" skipped="0">
  <testcase classname="TestCases.MyAccountTests" name="validRegistration" time="7.702"/>
  <testcase classname="TestCases.MyAccountTests" name="registeredUserCanLogout" time="1.500"/>
  <testcase classname="TestCases.MyAccountTests" name="registeredUserCanLogin" time="2.748"/>
  <testcase classname="TestCases.MyAccountTests" name="loggedInUserCanChangePassword" time="3.284"/>
  <testcase classname="TestCases.MyAccountTests" name="closeNotificationBar" time="0.244"/>
  <testcase classname="TestCases.MyAccountTests" name="registeredUserCanLogoutAfterPasswordChange" time="2.752"/>
  <testcase classname="TestCases.MyAccountTests" name="userCanLoginWithNewPassword" time="2.639"/>
</testsuite> <!-- TestCases.MyAccountTests -->
