<?xml version="1.0" encoding="UTF-8"?>
<!-- Generated by org.testng.reporters.JUnitReportReporter -->
<testsuite hostname="BSRPN" failures="0" tests="3" name="TestCases.RegisterDataProvider" time="36.102" errors="0" timestamp="2025-09-08T21:09:27 IST" skipped="0">
  <testcase classname="TestCases.RegisterDataProvider" name="ValidRegistration" time="22.547"/>
  <testcase classname="TestCases.RegisterDataProvider" name="RegisteredUserCanLogin" time="12.676"/>
  <testcase classname="TestCases.RegisterDataProvider" name="RegisteredUserCanLogout" time="0.879"/>
</testsuite> <!-- TestCases.RegisterDataProvider -->
