<?xml version="1.0" encoding="UTF-8"?>
<!-- Generated by org.testng.reporters.JUnitReportReporter -->
<testsuite hostname="BSRPN" failures="0" tests="2" name="TestCases.SearchTest" time="3.197" errors="0" timestamp="2025-09-08T21:09:27 IST" skipped="0">
  <testcase classname="TestCases.SearchTest" name="searchAboutProduct" time="1.832"/>
  <testcase classname="TestCases.SearchTest" name="userCanSearch" time="1.365"/>
</testsuite> <!-- TestCases.SearchTest -->
