<?xml version="1.0" encoding="UTF-8"?>
<!-- Generated by org.testng.reporters.JUnitReportReporter -->
<testsuite hostname="BSRPN" failures="0" tests="3" name="TestCases.AddProductToWishListTest" time="5.069" errors="0" timestamp="2025-09-08T02:14:29 IST" skipped="0">
  <testcase classname="TestCases.AddProductToWishListTest" name="searchAboutProduct" time="2.752"/>
  <testcase classname="TestCases.AddProductToWishListTest" name="userCanAddProductToWishList" time="1.561"/>
  <testcase classname="TestCases.AddProductToWishListTest" name="userCanRemoveProductFromWishList" time="0.756"/>
</testsuite> <!-- TestCases.AddProductToWishListTest -->
