<?xml version="1.0" encoding="UTF-8"?>
<!-- Generated by org.testng.reporters.JUnitReportReporter -->
<testsuite hostname="BSRPN" failures="0" tests="2" name="TestCases.SearchByAutoSuggest" time="7.751" errors="0" timestamp="2025-09-08T21:09:27 IST" skipped="0">
  <testcase classname="TestCases.SearchByAutoSuggest" name="searchWithAutoSuggest" time="4.212"/>
  <testcase classname="TestCases.SearchByAutoSuggest" name="userCanSearchWithAutoSuggest" time="3.539"/>
</testsuite> <!-- TestCases.SearchByAutoSuggest -->
