<?xml version="1.0" encoding="UTF-8"?>
<!-- Generated by org.testng.reporters.JUnitReportReporter -->
<testsuite hostname="BSRPN" failures="0" tests="4" name="TestCases.AddProductToShoppingCartTest" time="16.129" errors="0" timestamp="2025-09-08T02:14:29 IST" skipped="0">
  <testcase classname="TestCases.AddProductToShoppingCartTest" name="userCanSearch" time="2.837"/>
  <testcase classname="TestCases.AddProductToShoppingCartTest" name="userCanAddToCart" time="1.445"/>
  <testcase classname="TestCases.AddProductToShoppingCartTest" name="userCanEditQuantityOfProduct" time="11.174"/>
  <testcase classname="TestCases.AddProductToShoppingCartTest" name="userCanRemoveProduct" time="0.673"/>
</testsuite> <!-- TestCases.AddProductToShoppingCartTest -->
