<?xml version="1.0" encoding="UTF-8"?>
<!-- Generated by org.testng.reporters.JUnitReportReporter -->
<testsuite hostname="BSRPN" failures="0" tests="7" name="TestCases.MyAccountTests" time="16.902" errors="0" timestamp="2025-09-08T21:09:27 IST" skipped="0">
  <testcase classname="TestCases.MyAccountTests" name="validRegistration" time="3.190"/>
  <testcase classname="TestCases.MyAccountTests" name="registeredUserCanLogout" time="0.882"/>
  <testcase classname="TestCases.MyAccountTests" name="registeredUserCanLogin" time="5.038"/>
  <testcase classname="TestCases.MyAccountTests" name="loggedInUserCanChangePassword" time="2.665"/>
  <testcase classname="TestCases.MyAccountTests" name="closeNotificationBar" time="0.200"/>
  <testcase classname="TestCases.MyAccountTests" name="registeredUserCanLogoutAfterPasswordChange" time="2.955"/>
  <testcase classname="TestCases.MyAccountTests" name="userCanLoginWithNewPassword" time="1.972"/>
</testsuite> <!-- TestCases.MyAccountTests -->
