<?xml version="1.0" encoding="UTF-8"?>
<!-- Generated by org.testng.reporters.JUnitReportReporter -->
<testsuite hostname="BSRPN" failures="0" tests="3" name="TestCases.RegisterwithExcel" time="0.000" errors="1" timestamp="2025-09-08T14:45:35 IST" skipped="2">
  <testcase classname="TestCases.RegisterwithExcel" name="ValidRegistration" time="0.000">
    <error message="org.apache.poi.ooxml.POIXMLException: org.apache.xmlbeans.XmlException: error: Premature end of file." type="java.lang.RuntimeException">
      <![CDATA[java.lang.RuntimeException: org.apache.poi.ooxml.POIXMLException: org.apache.xmlbeans.XmlException: error: Premature end of file.
at org.testng.internal.invokers.MethodInvocationHelper.invokeMethodNoCheckedException(MethodInvocationHelper.java:58)
at org.testng.internal.invokers.MethodInvocationHelper.invokeDataProvider(MethodInvocationHelper.java:159)
at org.testng.internal.Parameters.handleParameters(Parameters.java:809)
at org.testng.internal.Parameters.handleParameters(Parameters.java:734)
at org.testng.internal.invokers.ParameterHandler.handleParameters(ParameterHandler.java:72)
at org.testng.internal.invokers.ParameterHandler.createParameters(ParameterHandler.java:51)
at org.testng.internal.invokers.TestInvoker$MethodInvocationAgent.invoke(TestInvoker.java:949)
at org.testng.internal.invokers.TestInvoker.invokeTestMethods(TestInvoker.java:203)
at org.testng.internal.invokers.TestMethodWorker.invokeTestMethods(TestMethodWorker.java:154)
at org.testng.internal.invokers.TestMethodWorker.run(TestMethodWorker.java:134)
at java.base/java.util.ArrayList.forEach(ArrayList.java:1596)
at org.testng.TestRunner.privateRun(TestRunner.java:741)
at org.testng.TestRunner.run(TestRunner.java:616)
at org.testng.SuiteRunner.runTest(SuiteRunner.java:421)
at org.testng.SuiteRunner.runSequentially(SuiteRunner.java:413)
at org.testng.SuiteRunner.privateRun(SuiteRunner.java:373)
at org.testng.SuiteRunner.run(SuiteRunner.java:312)
at org.testng.SuiteRunnerWorker.runSuite(SuiteRunnerWorker.java:52)
at org.testng.SuiteRunnerWorker.run(SuiteRunnerWorker.java:95)
at org.testng.TestNG.runSuitesSequentially(TestNG.java:1274)
at org.testng.TestNG.runSuitesLocally(TestNG.java:1208)
at org.testng.TestNG.runSuites(TestNG.java:1112)
at org.testng.TestNG.run(TestNG.java:1079)
at org.testng.remote.AbstractRemoteTestNG.run(AbstractRemoteTestNG.java:115)
at org.testng.remote.RemoteTestNG.initAndRun(RemoteTestNG.java:293)
at org.testng.remote.RemoteTestNG.main(RemoteTestNG.java:91)
Caused by: org.apache.poi.ooxml.POIXMLException: org.apache.xmlbeans.XmlException: error: Premature end of file.
at org.apache.poi.xssf.usermodel.XSSFWorkbook.onDocumentRead(XSSFWorkbook.java:449)
at org.apache.poi.ooxml.POIXMLDocument.load(POIXMLDocument.java:169)
at org.apache.poi.xssf.usermodel.XSSFWorkbook.<init>(XSSFWorkbook.java:260)
at org.apache.poi.xssf.usermodel.XSSFWorkbook.<init>(XSSFWorkbook.java:290)
at org.apache.poi.xssf.usermodel.XSSFWorkbook.<init>(XSSFWorkbook.java:286)
at Utilities.ExcelReader.getExcelData(ExcelReader.java:31)
at TestCases.RegisterwithExcel.userRegisterData(RegisterwithExcel.java:28)
at java.base/jdk.internal.reflect.DirectMethodHandleAccessor.invoke(DirectMethodHandleAccessor.java:103)
at java.base/java.lang.reflect.Method.invoke(Method.java:580)
at org.testng.internal.invokers.MethodInvocationHelper.invokeMethod(MethodInvocationHelper.java:141)
at org.testng.internal.invokers.MethodInvocationHelper.invokeMethod(MethodInvocationHelper.java:86)
at org.testng.internal.invokers.MethodInvocationHelper.invokeMethodNoCheckedException(MethodInvocationHelper.java:54)
... 25 more
Caused by: org.apache.xmlbeans.XmlException: error: Premature end of file.
at org.apache.xmlbeans.impl.store.Locale$SaxLoader.load(Locale.java:2553)
at org.apache.xmlbeans.impl.store.Locale.lambda$parseToXmlObject$3(Locale.java:717)
at org.apache.xmlbeans.impl.store.Locale.syncWrap(Locale.java:490)
at org.apache.xmlbeans.impl.store.Locale.parseToXmlObject(Locale.java:716)
at org.apache.xmlbeans.impl.schema.SchemaTypeLoaderBase.parse(SchemaTypeLoaderBase.java:233)
at org.apache.xmlbeans.impl.schema.AbstractDocumentFactory.parse(AbstractDocumentFactory.java:71)
at org.apache.poi.xssf.usermodel.XSSFWorkbook.onDocumentRead(XSSFWorkbook.java:372)
... 36 more
Caused by: org.xml.sax.SAXParseException; systemId: file://; lineNumber: 1; columnNumber: 1; Premature end of file.
at java.xml/com.sun.org.apache.xerces.internal.util.ErrorHandlerWrapper.createSAXParseException(ErrorHandlerWrapper.java:204)
at java.xml/com.sun.org.apache.xerces.internal.util.ErrorHandlerWrapper.fatalError(ErrorHandlerWrapper.java:178)
at java.xml/com.sun.org.apache.xerces.internal.impl.XMLErrorReporter.reportError(XMLErrorReporter.java:400)
at java.xml/com.sun.org.apache.xerces.internal.impl.XMLErrorReporter.reportError(XMLErrorReporter.java:327)
at java.xml/com.sun.org.apache.xerces.internal.impl.XMLScanner.reportFatalError(XMLScanner.java:1465)
at java.xml/com.sun.org.apache.xerces.internal.impl.XMLDocumentScannerImpl$PrologDriver.next(XMLDocumentScannerImpl.java:1013)
at java.xml/com.sun.org.apache.xerces.internal.impl.XMLDocumentScannerImpl.next(XMLDocumentScannerImpl.java:605)
at java.xml/com.sun.org.apache.xerces.internal.impl.XMLNSDocumentScannerImpl.next(XMLNSDocumentScannerImpl.java:114)
at java.xml/com.sun.org.apache.xerces.internal.impl.XMLDocumentFragmentScannerImpl.scanDocument(XMLDocumentFragmentScannerImpl.java:542)
at java.xml/com.sun.org.apache.xerces.internal.parsers.XML11Configuration.parse(XML11Configuration.java:889)
at java.xml/com.sun.org.apache.xerces.internal.parsers.XML11Configuration.parse(XML11Configuration.java:825)
at java.xml/com.sun.org.apache.xerces.internal.parsers.XMLParser.parse(XMLParser.java:141)
at java.xml/com.sun.org.apache.xerces.internal.parsers.AbstractSAXParser.parse(AbstractSAXParser.java:1224)
at java.xml/com.sun.org.apache.xerces.internal.jaxp.SAXParserImpl$JAXPSAXParser.parse(SAXParserImpl.java:637)
at org.apache.xmlbeans.impl.store.Locale$SaxLoader.load(Locale.java:2532)
... 42 more
]]>
    </error>
  </testcase> <!-- ValidRegistration -->
  <testcase classname="TestCases.RegisterwithExcel" name="RegisteredUserCanLogin" time="0.000">
    <skipped/>
  </testcase> <!-- RegisteredUserCanLogin -->
  <testcase classname="TestCases.RegisterwithExcel" name="RegisteredUserCanLogout" time="0.000">
    <skipped/>
  </testcase> <!-- RegisteredUserCanLogout -->
</testsuite> <!-- TestCases.RegisterwithExcel -->
