<?xml version="1.0" encoding="UTF-8"?>
<!-- Generated by org.testng.reporters.JUnitReportReporter -->
<testsuite hostname="BSRPN" failures="0" tests="3" name="TestCases.TC_01_Register" time="5.273" errors="0" timestamp="2025-09-07T15:55:49 IST" skipped="0">
  <testcase classname="TestCases.TC_01_Register" name="ValidRegistration" time="2.503"/>
  <testcase classname="TestCases.TC_01_Register" name="RegisteredUserCanLogout" time="1.130"/>
  <testcase classname="TestCases.TC_01_Register" name="RegisteredUserCanLogin" time="1.640"/>
</testsuite> <!-- TestCases.TC_01_Register -->
