<?xml version="1.0" encoding="UTF-8"?>
<!-- Generated by org.testng.reporters.JUnitReportReporter -->
<testsuite hostname="BSRPN" failures="0" tests="3" name="TestCases.Register" time="10.464" errors="0" timestamp="2025-09-08T19:05:49 IST" skipped="0">
  <testcase classname="TestCases.Register" name="ValidRegistration" time="5.448"/>
  <testcase classname="TestCases.Register" name="RegisteredUserCanLogout" time="2.060"/>
  <testcase classname="TestCases.Register" name="RegisteredUserCanLogin" time="2.956"/>
</testsuite> <!-- TestCases.Register -->
