<?xml version="1.0" encoding="UTF-8"?>
<!-- Generated by org.testng.reporters.JUnitReportReporter -->
<testsuite hostname="BSRPN" failures="0" tests="2" name="TestCases.SearchTest" time="3.674" errors="0" timestamp="2025-09-08T19:05:49 IST" skipped="0">
  <testcase classname="TestCases.SearchTest" name="searchAboutProduct" time="2.237"/>
  <testcase classname="TestCases.SearchTest" name="userCanSearch" time="1.437"/>
</testsuite> <!-- TestCases.SearchTest -->
