<?xml version="1.0" encoding="UTF-8"?>
<!-- Generated by org.testng.reporters.JUnitReportReporter -->
<testsuite hostname="BSRPN" failures="0" tests="10" name="TestCases.BasicValidation" time="6.335" errors="0" timestamp="2025-09-08T02:14:29 IST" skipped="0">
  <testcase classname="TestCases.BasicValidation" name="validateHomePageLoaded" time="0.382"/>
  <testcase classname="TestCases.BasicValidation" name="validateHomePageTitle" time="0.013"/>
  <testcase classname="TestCases.BasicValidation" name="validateHomePageURL" time="0.013"/>
  <testcase classname="TestCases.BasicValidation" name="validateLogoDisplayed" time="0.090"/>
  <testcase classname="TestCases.BasicValidation" name="validateRegisterButtonClickable" time="1.308"/>
  <testcase classname="TestCases.BasicValidation" name="validateLoginButtonClickable" time="1.301"/>
  <testcase classname="TestCases.BasicValidation" name="validateScrollToContactUs" time="0.267"/>
  <testcase classname="TestCases.BasicValidation" name="validateTopMenuHover" time="1.698"/>
  <testcase classname="TestCases.BasicValidation" name="validateCurrencyDropdown" time="1.132"/>
  <testcase classname="TestCases.BasicValidation" name="validateCartIconClickable" time="0.131"/>
</testsuite> <!-- TestCases.BasicValidation -->
