<?xml version="1.0" encoding="UTF-8"?>
<!-- Generated by org.testng.reporters.JUnitReportReporter -->
<testsuite hostname="BSRPN" failures="0" tests="10" name="TestCases.SmokeTestAll" time="9.874" errors="0" timestamp="2025-09-08T21:09:27 IST" skipped="0">
  <testcase classname="TestCases.SmokeTestAll" name="validateHomePageLoaded" time="0.008"/>
  <testcase classname="TestCases.SmokeTestAll" name="validateHomePageTitle" time="0.010"/>
  <testcase classname="TestCases.SmokeTestAll" name="validateHomePageURL" time="0.011"/>
  <testcase classname="TestCases.SmokeTestAll" name="validateLogoDisplayed" time="0.356"/>
  <testcase classname="TestCases.SmokeTestAll" name="validateRegisterButtonClickable" time="1.021"/>
  <testcase classname="TestCases.SmokeTestAll" name="validateLoginButtonClickable" time="0.974"/>
  <testcase classname="TestCases.SmokeTestAll" name="validateScrollToContactUs" time="0.095"/>
  <testcase classname="TestCases.SmokeTestAll" name="validateTopMenuHover" time="6.189"/>
  <testcase classname="TestCases.SmokeTestAll" name="validateCurrencyDropdown" time="1.132"/>
  <testcase classname="TestCases.SmokeTestAll" name="validateCartIconClickable" time="0.078"/>
</testsuite> <!-- TestCases.SmokeTestAll -->
